<?xml version="1.0" encoding="UTF-8"?>
<!-- Generated by org.testng.reporters.JUnitReportReporter -->
<testsuite hostname="runnervmrg6be" failures="0" tests="4" name="ActualTests.ProductTests" time="13.661" errors="0" timestamp="2026-04-02T13:16:55 UTC" skipped="0">
  <testcase classname="ActualTests.ProductTests" name="AddOneProductCart" time="3.474"/>
  <testcase classname="ActualTests.ProductTests" name="AddMultProductToCart" time="3.487"/>
  <testcase classname="ActualTests.ProductTests" name="RemoveProductFromCart" time="3.474"/>
  <testcase classname="ActualTests.ProductTests" name="SortProductBy" time="3.226"/>
</testsuite> <!-- ActualTests.ProductTests -->
