<?xml version="1.0" encoding="UTF-8"?>
<!-- Generated by org.testng.reporters.JUnitReportReporter -->
<testsuite hostname="runnervmrg6be" failures="0" tests="3" name="ActualTests.LoginTest" time="21.548" errors="0" timestamp="2026-04-01T05:25:59 UTC" skipped="0">
  <testcase classname="ActualTests.LoginTest" name="ValidLogin" time="3.953"/>
  <testcase classname="ActualTests.LoginTest" name="InvalidLogin" time="14.093"/>
  <testcase classname="ActualTests.LoginTest" name="EmptyLogin" time="3.502"/>
</testsuite> <!-- ActualTests.LoginTest -->
