<?xml version="1.0" encoding="UTF-8"?>
<!-- Generated by org.testng.reporters.JUnitReportReporter -->
<testsuite hostname="runnervmoqczp" failures="0" tests="3" name="ActualTests.LoginTest" time="19.673" errors="0" timestamp="2025-12-10T05:57:45 UTC" skipped="0">
  <testcase classname="ActualTests.LoginTest" name="ValidLogin" time="13.363"/>
  <testcase classname="ActualTests.LoginTest" name="InvalidLogin" time="3.304"/>
  <testcase classname="ActualTests.LoginTest" name="EmptyLogin" time="3.006"/>
</testsuite> <!-- ActualTests.LoginTest -->
