<?xml version="1.0" encoding="UTF-8"?>
<!-- Generated by org.testng.reporters.JUnitReportReporter -->
<testsuite hostname="runnervmrg6be" failures="0" tests="4" name="ActualTests.ProductTests" time="14.344" errors="0" timestamp="2026-04-01T05:25:59 UTC" skipped="0">
  <testcase classname="ActualTests.ProductTests" name="AddOneProductCart" time="3.552"/>
  <testcase classname="ActualTests.ProductTests" name="AddMultProductToCart" time="3.864"/>
  <testcase classname="ActualTests.ProductTests" name="RemoveProductFromCart" time="3.659"/>
  <testcase classname="ActualTests.ProductTests" name="SortProductBy" time="3.269"/>
</testsuite> <!-- ActualTests.ProductTests -->
