<?xml version="1.0" encoding="UTF-8"?>
<!-- Generated by org.testng.reporters.JUnitReportReporter -->
<testsuite hostname="runnervmoqczp" failures="0" tests="3" name="ActualTests.LoginTest" time="12.596" errors="0" timestamp="2025-12-06T14:27:40 UTC" skipped="0">
  <testcase classname="ActualTests.LoginTest" name="ValidLogin" time="11.108"/>
  <testcase classname="ActualTests.LoginTest" name="InvalidLogin" time="0.752"/>
  <testcase classname="ActualTests.LoginTest" name="EmptyLogin" time="0.736"/>
</testsuite> <!-- ActualTests.LoginTest -->
