<?xml version="1.0" encoding="UTF-8"?>
<!-- Generated by org.testng.reporters.JUnitReportReporter -->
<testsuite hostname="runnervmrg6be" failures="0" tests="4" name="ActualTests.ProductTests" time="6.354" errors="0" timestamp="2026-04-02T05:15:03 UTC" skipped="0">
  <testcase classname="ActualTests.ProductTests" name="AddOneProductCart" time="1.534"/>
  <testcase classname="ActualTests.ProductTests" name="AddMultProductToCart" time="1.615"/>
  <testcase classname="ActualTests.ProductTests" name="RemoveProductFromCart" time="1.652"/>
  <testcase classname="ActualTests.ProductTests" name="SortProductBy" time="1.553"/>
</testsuite> <!-- ActualTests.ProductTests -->
