<?xml version="1.0" encoding="UTF-8"?>
<!-- Generated by org.testng.reporters.JUnitReportReporter -->
<testsuite hostname="runnervmoqczp" failures="0" tests="3" name="ActualTests.LoginTest" time="10.748" errors="0" timestamp="2025-12-06T15:18:19 UTC" skipped="0">
  <testcase classname="ActualTests.LoginTest" name="ValidLogin" time="9.291"/>
  <testcase classname="ActualTests.LoginTest" name="InvalidLogin" time="0.728"/>
  <testcase classname="ActualTests.LoginTest" name="EmptyLogin" time="0.729"/>
</testsuite> <!-- ActualTests.LoginTest -->
