<?xml version="1.0" encoding="UTF-8"?>
<!-- Generated by org.testng.reporters.JUnitXMLReporter -->
<testsuite ignored="0" hostname="DESKTOP-VSNKST1" failures="1" tests="1" name="GroupTests" time="3.24" errors="0" timestamp="2025-10-12T16:32:41 IST">
  <testcase classname="ActualTests.LoginTest" name="verifyLogin" time="0.0">
    <failure type="org.testng.TestNGException" message="
Data Provider public java.lang.Object[][] ActualTests.LoginTest.getData() returned a null value">
      <![CDATA[org.testng.TestNGException: 
Data Provider public java.lang.Object[][] ActualTests.LoginTest.getData() returned a null value
at java.base/java.util.ArrayList.forEach(ArrayList.java:1596)
... Removed 24 stack frames]]>
    </failure>
  </testcase> <!-- verifyLogin -->
</testsuite> <!-- GroupTests -->
