<?xml version="1.0" encoding="UTF-8"?>
<testng-results ignored="0" total="3" passed="3" failed="0" skipped="0">
  <reporter-output>
  </reporter-output>
  <suite started-at="2025-12-10T12:12:48 UTC" name="AutomationSuite" finished-at="2025-12-10T12:13:24 UTC" duration-ms="36767">
    <groups>
    </groups>
    <test started-at="2025-12-10T12:12:48 UTC" name="ChromeTest" finished-at="2025-12-10T12:13:24 UTC" duration-ms="36767">
      <class name="ActualTests.LoginTest">
        <test-method is-config="true" signature="Setup(java.lang.String)[pri:0, instance:ActualTests.LoginTest@163e4e87]" started-at="2025-12-10T12:12:48 UTC" name="Setup" finished-at="2025-12-10T12:13:21 UTC" duration-ms="33040" status="PASS">
          <params>
            <param index="0">
              <value>
                <![CDATA[chrome]]>
              </value>
            </param>
          </params>
          <reporter-output>
          </reporter-output>
        </test-method> <!-- Setup -->
        <test-method signature="ValidLogin()[pri:1, instance:ActualTests.LoginTest@163e4e87]" started-at="2025-12-10T12:13:21 UTC" name="ValidLogin" finished-at="2025-12-10T12:13:22 UTC" duration-ms="1820" status="PASS">
          <reporter-output>
          </reporter-output>
        </test-method> <!-- ValidLogin -->
        <test-method is-config="true" signature="TearDown()[pri:0, instance:ActualTests.LoginTest@163e4e87]" started-at="2025-12-10T12:13:22 UTC" name="TearDown" finished-at="2025-12-10T12:13:23 UTC" duration-ms="174" status="PASS">
          <reporter-output>
          </reporter-output>
        </test-method> <!-- TearDown -->
        <test-method is-config="true" signature="Setup(java.lang.String)[pri:0, instance:ActualTests.LoginTest@163e4e87]" started-at="2025-12-10T12:13:23 UTC" name="Setup" finished-at="2025-12-10T12:13:23 UTC" duration-ms="568" status="PASS">
          <params>
            <param index="0">
              <value>
                <![CDATA[chrome]]>
              </value>
            </param>
          </params>
          <reporter-output>
          </reporter-output>
        </test-method> <!-- Setup -->
        <test-method signature="InvalidLogin()[pri:2, instance:ActualTests.LoginTest@163e4e87]" started-at="2025-12-10T12:13:23 UTC" name="InvalidLogin" finished-at="2025-12-10T12:13:23 UTC" duration-ms="219" status="PASS">
          <reporter-output>
          </reporter-output>
        </test-method> <!-- InvalidLogin -->
        <test-method is-config="true" signature="TearDown()[pri:0, instance:ActualTests.LoginTest@163e4e87]" started-at="2025-12-10T12:13:23 UTC" name="TearDown" finished-at="2025-12-10T12:13:24 UTC" duration-ms="137" status="PASS">
          <reporter-output>
          </reporter-output>
        </test-method> <!-- TearDown -->
        <test-method is-config="true" signature="Setup(java.lang.String)[pri:0, instance:ActualTests.LoginTest@163e4e87]" started-at="2025-12-10T12:13:24 UTC" name="Setup" finished-at="2025-12-10T12:13:24 UTC" duration-ms="480" status="PASS">
          <params>
            <param index="0">
              <value>
                <![CDATA[chrome]]>
              </value>
            </param>
          </params>
          <reporter-output>
          </reporter-output>
        </test-method> <!-- Setup -->
        <test-method signature="EmptyLogin()[pri:3, instance:ActualTests.LoginTest@163e4e87]" started-at="2025-12-10T12:13:24 UTC" name="EmptyLogin" finished-at="2025-12-10T12:13:24 UTC" duration-ms="199" status="PASS">
          <reporter-output>
          </reporter-output>
        </test-method> <!-- EmptyLogin -->
        <test-method is-config="true" signature="TearDown()[pri:0, instance:ActualTests.LoginTest@163e4e87]" started-at="2025-12-10T12:13:24 UTC" name="TearDown" finished-at="2025-12-10T12:13:24 UTC" duration-ms="104" status="PASS">
          <reporter-output>
          </reporter-output>
        </test-method> <!-- TearDown -->
      </class> <!-- ActualTests.LoginTest -->
    </test> <!-- ChromeTest -->
  </suite> <!-- AutomationSuite -->
</testng-results>
