<?xml version="1.0" encoding="UTF-8"?>
<testng-results ignored="0" total="7" passed="7" failed="0" skipped="0">
  <reporter-output>
  </reporter-output>
  <suite started-at="2025-12-05T19:34:53 IST" name="AutomationSuite" finished-at="2025-12-05T19:35:57 IST" duration-ms="64012">
    <groups>
    </groups>
    <test started-at="2025-12-05T19:34:53 IST" name="ChromeTest" finished-at="2025-12-05T19:35:57 IST" duration-ms="64012">
      <class name="ActualTests.ProductTests">
        <test-method is-config="true" signature="Setup(java.lang.String)[pri:0, instance:ActualTests.ProductTests@8f4ea7c]" started-at="2025-12-05T19:35:24 IST" name="Setup" finished-at="2025-12-05T19:35:29 IST" duration-ms="4829" status="PASS">
          <params>
            <param index="0">
              <value>
                <![CDATA[chrome]]>
              </value>
            </param>
          </params>
          <reporter-output>
          </reporter-output>
        </test-method> <!-- Setup -->
        <test-method signature="AddOneProductCart()[pri:1, instance:ActualTests.ProductTests@8f4ea7c]" started-at="2025-12-05T19:35:29 IST" name="AddOneProductCart" finished-at="2025-12-05T19:35:31 IST" duration-ms="1866" status="PASS">
          <reporter-output>
          </reporter-output>
        </test-method> <!-- AddOneProductCart -->
        <test-method is-config="true" signature="TearDown()[pri:0, instance:ActualTests.ProductTests@8f4ea7c]" started-at="2025-12-05T19:35:31 IST" name="TearDown" finished-at="2025-12-05T19:35:31 IST" duration-ms="348" status="PASS">
          <reporter-output>
          </reporter-output>
        </test-method> <!-- TearDown -->
        <test-method is-config="true" signature="Setup(java.lang.String)[pri:0, instance:ActualTests.ProductTests@8f4ea7c]" started-at="2025-12-05T19:35:31 IST" name="Setup" finished-at="2025-12-05T19:35:37 IST" duration-ms="5884" status="PASS">
          <params>
            <param index="0">
              <value>
                <![CDATA[chrome]]>
              </value>
            </param>
          </params>
          <reporter-output>
          </reporter-output>
        </test-method> <!-- Setup -->
        <test-method signature="AddMultProductToCart()[pri:2, instance:ActualTests.ProductTests@8f4ea7c]" started-at="2025-12-05T19:35:37 IST" name="AddMultProductToCart" finished-at="2025-12-05T19:35:39 IST" duration-ms="2062" status="PASS">
          <reporter-output>
          </reporter-output>
        </test-method> <!-- AddMultProductToCart -->
        <test-method is-config="true" signature="TearDown()[pri:0, instance:ActualTests.ProductTests@8f4ea7c]" started-at="2025-12-05T19:35:39 IST" name="TearDown" finished-at="2025-12-05T19:35:40 IST" duration-ms="350" status="PASS">
          <reporter-output>
          </reporter-output>
        </test-method> <!-- TearDown -->
        <test-method is-config="true" signature="Setup(java.lang.String)[pri:0, instance:ActualTests.ProductTests@8f4ea7c]" started-at="2025-12-05T19:35:40 IST" name="Setup" finished-at="2025-12-05T19:35:45 IST" duration-ms="5174" status="PASS">
          <params>
            <param index="0">
              <value>
                <![CDATA[chrome]]>
              </value>
            </param>
          </params>
          <reporter-output>
          </reporter-output>
        </test-method> <!-- Setup -->
        <test-method signature="RemoveProductFromCart()[pri:3, instance:ActualTests.ProductTests@8f4ea7c]" started-at="2025-12-05T19:35:45 IST" name="RemoveProductFromCart" finished-at="2025-12-05T19:35:47 IST" duration-ms="2200" status="PASS">
          <reporter-output>
          </reporter-output>
        </test-method> <!-- RemoveProductFromCart -->
        <test-method is-config="true" signature="TearDown()[pri:0, instance:ActualTests.ProductTests@8f4ea7c]" started-at="2025-12-05T19:35:47 IST" name="TearDown" finished-at="2025-12-05T19:35:47 IST" duration-ms="357" status="PASS">
          <reporter-output>
          </reporter-output>
        </test-method> <!-- TearDown -->
        <test-method is-config="true" signature="Setup(java.lang.String)[pri:0, instance:ActualTests.ProductTests@8f4ea7c]" started-at="2025-12-05T19:35:48 IST" name="Setup" finished-at="2025-12-05T19:35:54 IST" duration-ms="6750" status="PASS">
          <params>
            <param index="0">
              <value>
                <![CDATA[chrome]]>
              </value>
            </param>
          </params>
          <reporter-output>
          </reporter-output>
        </test-method> <!-- Setup -->
        <test-method signature="SortProductBy()[pri:4, instance:ActualTests.ProductTests@8f4ea7c]" started-at="2025-12-05T19:35:54 IST" name="SortProductBy" finished-at="2025-12-05T19:35:56 IST" duration-ms="1974" status="PASS">
          <reporter-output>
          </reporter-output>
        </test-method> <!-- SortProductBy -->
        <test-method is-config="true" signature="TearDown()[pri:0, instance:ActualTests.ProductTests@8f4ea7c]" started-at="2025-12-05T19:35:56 IST" name="TearDown" finished-at="2025-12-05T19:35:57 IST" duration-ms="340" status="PASS">
          <reporter-output>
          </reporter-output>
        </test-method> <!-- TearDown -->
      </class> <!-- ActualTests.ProductTests -->
      <class name="ActualTests.LoginTest">
        <test-method is-config="true" signature="Setup(java.lang.String)[pri:0, instance:ActualTests.LoginTest@6e20b53a]" started-at="2025-12-05T19:34:53 IST" name="Setup" finished-at="2025-12-05T19:35:05 IST" duration-ms="12399" status="PASS">
          <params>
            <param index="0">
              <value>
                <![CDATA[chrome]]>
              </value>
            </param>
          </params>
          <reporter-output>
          </reporter-output>
        </test-method> <!-- Setup -->
        <test-method signature="ValidLogin()[pri:1, instance:ActualTests.LoginTest@6e20b53a]" started-at="2025-12-05T19:35:05 IST" name="ValidLogin" finished-at="2025-12-05T19:35:10 IST" duration-ms="4700" status="PASS">
          <reporter-output>
          </reporter-output>
        </test-method> <!-- ValidLogin -->
        <test-method is-config="true" signature="TearDown()[pri:0, instance:ActualTests.LoginTest@6e20b53a]" started-at="2025-12-05T19:35:10 IST" name="TearDown" finished-at="2025-12-05T19:35:10 IST" duration-ms="358" status="PASS">
          <reporter-output>
          </reporter-output>
        </test-method> <!-- TearDown -->
        <test-method is-config="true" signature="Setup(java.lang.String)[pri:0, instance:ActualTests.LoginTest@6e20b53a]" started-at="2025-12-05T19:35:10 IST" name="Setup" finished-at="2025-12-05T19:35:17 IST" duration-ms="6513" status="PASS">
          <params>
            <param index="0">
              <value>
                <![CDATA[chrome]]>
              </value>
            </param>
          </params>
          <reporter-output>
          </reporter-output>
        </test-method> <!-- Setup -->
        <test-method signature="InvalidLogin()[pri:2, instance:ActualTests.LoginTest@6e20b53a]" started-at="2025-12-05T19:35:17 IST" name="InvalidLogin" finished-at="2025-12-05T19:35:18 IST" duration-ms="955" status="PASS">
          <reporter-output>
          </reporter-output>
        </test-method> <!-- InvalidLogin -->
        <test-method is-config="true" signature="TearDown()[pri:0, instance:ActualTests.LoginTest@6e20b53a]" started-at="2025-12-05T19:35:18 IST" name="TearDown" finished-at="2025-12-05T19:35:18 IST" duration-ms="328" status="PASS">
          <reporter-output>
          </reporter-output>
        </test-method> <!-- TearDown -->
        <test-method is-config="true" signature="Setup(java.lang.String)[pri:0, instance:ActualTests.LoginTest@6e20b53a]" started-at="2025-12-05T19:35:18 IST" name="Setup" finished-at="2025-12-05T19:35:23 IST" duration-ms="5247" status="PASS">
          <params>
            <param index="0">
              <value>
                <![CDATA[chrome]]>
              </value>
            </param>
          </params>
          <reporter-output>
          </reporter-output>
        </test-method> <!-- Setup -->
        <test-method signature="EmptyLogin()[pri:3, instance:ActualTests.LoginTest@6e20b53a]" started-at="2025-12-05T19:35:23 IST" name="EmptyLogin" finished-at="2025-12-05T19:35:24 IST" duration-ms="822" status="PASS">
          <reporter-output>
          </reporter-output>
        </test-method> <!-- EmptyLogin -->
        <test-method is-config="true" signature="TearDown()[pri:0, instance:ActualTests.LoginTest@6e20b53a]" started-at="2025-12-05T19:35:24 IST" name="TearDown" finished-at="2025-12-05T19:35:24 IST" duration-ms="319" status="PASS">
          <reporter-output>
          </reporter-output>
        </test-method> <!-- TearDown -->
      </class> <!-- ActualTests.LoginTest -->
    </test> <!-- ChromeTest -->
  </suite> <!-- AutomationSuite -->
</testng-results>
