<?xml version="1.0" encoding="UTF-8"?>
<!-- Generated by org.testng.reporters.JUnitXMLReporter -->
<testsuite ignored="0" hostname="DESKTOP-VSNKST1" failures="0" tests="17" name="AllTest" time="213.062" errors="0" timestamp="2025-12-03T22:03:31 IST">
  <testcase classname="ActualTests.LoginTest" name="ValidLogin" time="12.762"/>
  <testcase classname="ActualTests.LoginTest" name="InvalidLogin" time="0.937"/>
  <testcase classname="ActualTests.LoginTest" name="EmptyLogin" time="0.706"/>
  <testcase classname="ActualTests.ProductTests" name="AddOneProductCart" time="1.633"/>
  <testcase classname="ActualTests.ProductTests" name="AddMultProductToCart" time="1.879"/>
  <testcase classname="ActualTests.ProductTests" name="RemoveProductFromCart" time="2.208"/>
  <testcase classname="ActualTests.ProductTests" name="SortProductBy" time="1.925"/>
  <testcase classname="ActualTests.CartTests" name="NavigateToCart" time="2.119"/>
  <testcase classname="ActualTests.CartTests" name="VerifyProductInCart" time="2.287"/>
  <testcase classname="ActualTests.CartTests" name="RemoveProductFromCart" time="2.423"/>
  <testcase classname="ActualTests.CartTests" name="ClickCheckout" time="2.578"/>
  <testcase classname="ActualTests.CartTests" name="ClickContinueShopping" time="2.667"/>
  <testcase classname="ActualTests.CheckoutTests" name="SubmitDetails" time="3.511"/>
  <testcase classname="ActualTests.CheckoutTests" name="CancelCheckOut" time="2.835"/>
  <testcase classname="ActualTests.CheckoutOverviewTests" name="FinishCheckout" time="3.811"/>
  <testcase classname="ActualTests.CheckoutOverviewTests" name="CancelTheOrder" time="3.697"/>
  <testcase classname="ActualTests.CheckoutCompleteTests" name="ClickBackHome" time="3.863"/>
</testsuite> <!-- AllTest -->
