<?xml version="1.0" encoding="UTF-8"?>
<!-- Generated by org.testng.reporters.JUnitXMLReporter -->
<testsuite ignored="0" hostname="DESKTOP-VSNKST1" failures="0" tests="7" name="ChromeTest" time="132.578" errors="0" timestamp="2025-12-04T18:14:00 IST">
  <testcase classname="ActualTests.LoginTest" name="ValidLogin" time="4.356"/>
  <testcase classname="ActualTests.LoginTest" name="InvalidLogin" time="1.317"/>
  <testcase classname="ActualTests.LoginTest" name="EmptyLogin" time="0.913"/>
  <testcase classname="ActualTests.ProductTests" name="AddOneProductCart" time="2.145"/>
  <testcase classname="ActualTests.ProductTests" name="AddMultProductToCart" time="2.624"/>
  <testcase classname="ActualTests.ProductTests" name="RemoveProductFromCart" time="2.43"/>
  <testcase classname="ActualTests.ProductTests" name="SortProductBy" time="2.522"/>
</testsuite> <!-- ChromeTest -->
