<?xml version="1.0" encoding="UTF-8"?>
<!-- Generated by org.testng.reporters.JUnitXMLReporter -->
<testsuite ignored="0" hostname="DESKTOP-VSNKST1" failures="0" tests="7" name="ChromeTest" time="64.012" errors="0" timestamp="2025-12-05T19:35:57 IST">
  <testcase classname="ActualTests.LoginTest" name="ValidLogin" time="4.7"/>
  <testcase classname="ActualTests.LoginTest" name="InvalidLogin" time="0.955"/>
  <testcase classname="ActualTests.LoginTest" name="EmptyLogin" time="0.822"/>
  <testcase classname="ActualTests.ProductTests" name="AddOneProductCart" time="1.866"/>
  <testcase classname="ActualTests.ProductTests" name="AddMultProductToCart" time="2.062"/>
  <testcase classname="ActualTests.ProductTests" name="RemoveProductFromCart" time="2.2"/>
  <testcase classname="ActualTests.ProductTests" name="SortProductBy" time="1.974"/>
</testsuite> <!-- ChromeTest -->
