<?xml version="1.0" encoding="UTF-8"?>
<testsuite xmlns:xsi="http://www.w3.org/2001/XMLSchema-instance" xsi:noNamespaceSchemaLocation="https://maven.apache.org/surefire/maven-surefire-plugin/xsd/surefire-test-report.xsd" version="3.0.2" name="TestSuite" time="24.578" tests="3" errors="0" skipped="0" failures="0">
  <properties>
[...]
</properties>
  <testcase name="ValidLogin" classname="ActualTests.LoginTest" time="0.881">
    <system-out><![CDATA[...
... TestNG 7.10.2 by Cédric Beust (cedric@beust.com)
...

STARTED: ValidLogin
2025-12-10T12:21:30.158283650Z main ERROR Log4j2 could not find a logging implementation. Please add log4j-core to the classpath. Using SimpleLogger to log to the console...
PASSED: ValidLogin
]]></system-out>
    <system-err><![CDATA[SLF4J: Failed to load class "org.slf4j.impl.StaticLoggerBinder".
SLF4J: Defaulting to no-operation (NOP) logger implementation
SLF4J: See http://www.slf4j.org/codes.html#StaticLoggerBinder for further details.
]]></system-err>
  </testcase>
  <testcase name="InvalidLogin" classname="ActualTests.LoginTest" time="0.324">
    <system-out><![CDATA[STARTED: InvalidLogin
PASSED: InvalidLogin
]]></system-out>
  </testcase>
  <testcase name="EmptyLogin" classname="ActualTests.LoginTest" time="0.165">
    <system-out><![CDATA[STARTED: EmptyLogin
PASSED: EmptyLogin
]]></system-out>
  </testcase>
</testsuite>