<?xml version="1.0" encoding="UTF-8"?>
<testng-results ignored="0" total="3" passed="3" failed="0" skipped="0">
  <reporter-output>
  </reporter-output>
  <suite started-at="2025-12-06T14:34:41 UTC" name="AutomationSuite" finished-at="2025-12-06T14:35:02 UTC" duration-ms="20698">
    <groups>
    </groups>
    <test started-at="2025-12-06T14:34:41 UTC" name="ChromeTest" finished-at="2025-12-06T14:35:02 UTC" duration-ms="20698">
      <class name="ActualTests.LoginTest">
        <test-method is-config="true" signature="Setup(java.lang.String)[pri:0, instance:ActualTests.LoginTest@54c562f7]" started-at="2025-12-06T14:34:41 UTC" name="Setup" finished-at="2025-12-06T14:34:57 UTC" duration-ms="15080" status="PASS">
          <params>
            <param index="0">
              <value>
                <![CDATA[firefox]]>
              </value>
            </param>
          </params>
          <reporter-output>
          </reporter-output>
        </test-method> <!-- Setup -->
        <test-method signature="ValidLogin()[pri:1, instance:ActualTests.LoginTest@54c562f7]" started-at="2025-12-06T14:34:57 UTC" name="ValidLogin" finished-at="2025-12-06T14:34:57 UTC" duration-ms="868" status="PASS">
          <reporter-output>
          </reporter-output>
        </test-method> <!-- ValidLogin -->
        <test-method is-config="true" signature="TearDown()[pri:0, instance:ActualTests.LoginTest@54c562f7]" started-at="2025-12-06T14:34:57 UTC" name="TearDown" finished-at="2025-12-06T14:34:57 UTC" duration-ms="1" status="PASS">
          <reporter-output>
          </reporter-output>
        </test-method> <!-- TearDown -->
        <test-method is-config="true" signature="Setup(java.lang.String)[pri:0, instance:ActualTests.LoginTest@54c562f7]" started-at="2025-12-06T14:34:57 UTC" name="Setup" finished-at="2025-12-06T14:34:59 UTC" duration-ms="2072" status="PASS">
          <params>
            <param index="0">
              <value>
                <![CDATA[firefox]]>
              </value>
            </param>
          </params>
          <reporter-output>
          </reporter-output>
        </test-method> <!-- Setup -->
        <test-method signature="InvalidLogin()[pri:2, instance:ActualTests.LoginTest@54c562f7]" started-at="2025-12-06T14:34:59 UTC" name="InvalidLogin" finished-at="2025-12-06T14:35:00 UTC" duration-ms="272" status="PASS">
          <reporter-output>
          </reporter-output>
        </test-method> <!-- InvalidLogin -->
        <test-method is-config="true" signature="TearDown()[pri:0, instance:ActualTests.LoginTest@54c562f7]" started-at="2025-12-06T14:35:00 UTC" name="TearDown" finished-at="2025-12-06T14:35:00 UTC" duration-ms="0" status="PASS">
          <reporter-output>
          </reporter-output>
        </test-method> <!-- TearDown -->
        <test-method is-config="true" signature="Setup(java.lang.String)[pri:0, instance:ActualTests.LoginTest@54c562f7]" started-at="2025-12-06T14:35:00 UTC" name="Setup" finished-at="2025-12-06T14:35:02 UTC" duration-ms="2119" status="PASS">
          <params>
            <param index="0">
              <value>
                <![CDATA[firefox]]>
              </value>
            </param>
          </params>
          <reporter-output>
          </reporter-output>
        </test-method> <!-- Setup -->
        <test-method signature="EmptyLogin()[pri:3, instance:ActualTests.LoginTest@54c562f7]" started-at="2025-12-06T14:35:02 UTC" name="EmptyLogin" finished-at="2025-12-06T14:35:02 UTC" duration-ms="250" status="PASS">
          <reporter-output>
          </reporter-output>
        </test-method> <!-- EmptyLogin -->
        <test-method is-config="true" signature="TearDown()[pri:0, instance:ActualTests.LoginTest@54c562f7]" started-at="2025-12-06T14:35:02 UTC" name="TearDown" finished-at="2025-12-06T14:35:02 UTC" duration-ms="0" status="PASS">
          <reporter-output>
          </reporter-output>
        </test-method> <!-- TearDown -->
      </class> <!-- ActualTests.LoginTest -->
    </test> <!-- ChromeTest -->
  </suite> <!-- AutomationSuite -->
</testng-results>
