<?xml version="1.0" encoding="UTF-8"?>
<!-- Generated by org.testng.reporters.JUnitReportReporter -->
<testsuite hostname="DESKTOP-VSNKST1" failures="0" tests="2" name="ActualTests.CheckoutOverviewTests" time="21.647" errors="0" timestamp="2025-12-03T22:03:31 IST" skipped="0">
  <testcase classname="ActualTests.CheckoutOverviewTests" name="FinishCheckout" time="10.352"/>
  <testcase classname="ActualTests.CheckoutOverviewTests" name="CancelTheOrder" time="11.295"/>
</testsuite> <!-- ActualTests.CheckoutOverviewTests -->
