<?xml version="1.0" encoding="UTF-8"?>
<!-- Generated by org.testng.reporters.JUnitReportReporter -->
<testsuite hostname="DESKTOP-VSNKST1" failures="0" tests="3" name="TestDemo.TestngGroups" time="0.060" errors="0" timestamp="2025-10-12T16:29:48 IST" skipped="0">
  <testcase classname="TestDemo.TestngGroups" name="regressiontest" time="0.035"/>
  <testcase classname="TestDemo.TestngGroups" name="both" time="0.017"/>
  <testcase classname="TestDemo.TestngGroups" name="smoketest" time="0.008"/>
</testsuite> <!-- TestDemo.TestngGroups -->
