<?xml version="1.0" encoding="UTF-8"?>
<!-- Generated by org.testng.reporters.JUnitReportReporter -->
<testsuite hostname="DESKTOP-VSNKST1" failures="0" tests="5" name="ActualTests.CartTests" time="41.786" errors="0" timestamp="2025-12-03T22:03:31 IST" skipped="0">
  <testcase classname="ActualTests.CartTests" name="NavigateToCart" time="7.707"/>
  <testcase classname="ActualTests.CartTests" name="VerifyProductInCart" time="8.592"/>
  <testcase classname="ActualTests.CartTests" name="RemoveProductFromCart" time="7.645"/>
  <testcase classname="ActualTests.CartTests" name="ClickCheckout" time="8.224"/>
  <testcase classname="ActualTests.CartTests" name="ClickContinueShopping" time="9.618"/>
</testsuite> <!-- ActualTests.CartTests -->
