<?xml version="1.0" encoding="UTF-8"?>
<!-- Generated by org.testng.reporters.JUnitReportReporter -->
<testsuite hostname="DESKTOP-VSNKST1" failures="0" tests="4" name="ActualTests.ProductTests" time="71.668" errors="0" timestamp="2025-12-04T18:14:00 IST" skipped="0">
  <testcase classname="ActualTests.ProductTests" name="AddOneProductCart" time="18.461"/>
  <testcase classname="ActualTests.ProductTests" name="AddMultProductToCart" time="17.704"/>
  <testcase classname="ActualTests.ProductTests" name="RemoveProductFromCart" time="17.540"/>
  <testcase classname="ActualTests.ProductTests" name="SortProductBy" time="17.963"/>
</testsuite> <!-- ActualTests.ProductTests -->
