<?xml version="1.0" encoding="UTF-8"?>
<!-- Generated by org.testng.reporters.JUnitReportReporter -->
<testsuite hostname="DESKTOP-VSNKST1" failures="0" tests="4" name="ActualTests.ProductTests" time="32.134" errors="0" timestamp="2025-12-05T19:35:57 IST" skipped="0">
  <testcase classname="ActualTests.ProductTests" name="AddOneProductCart" time="7.052"/>
  <testcase classname="ActualTests.ProductTests" name="AddMultProductToCart" time="9.162"/>
  <testcase classname="ActualTests.ProductTests" name="RemoveProductFromCart" time="8.432"/>
  <testcase classname="ActualTests.ProductTests" name="SortProductBy" time="7.488"/>
</testsuite> <!-- ActualTests.ProductTests -->
