<?xml version="1.0" encoding="UTF-8"?>
<!-- Generated by org.testng.reporters.JUnitReportReporter -->
<testsuite hostname="DESKTOP-VSNKST1" failures="0" tests="3" name="ActualTests.LoginTest" time="31.641" errors="0" timestamp="2025-12-05T19:35:57 IST" skipped="0">
  <testcase classname="ActualTests.LoginTest" name="ValidLogin" time="11.571"/>
  <testcase classname="ActualTests.LoginTest" name="InvalidLogin" time="13.673"/>
  <testcase classname="ActualTests.LoginTest" name="EmptyLogin" time="6.397"/>
</testsuite> <!-- ActualTests.LoginTest -->
