<?xml version="1.0" encoding="UTF-8"?>
<!-- Generated by org.testng.reporters.JUnitReportReporter -->
<testsuite hostname="DESKTOP-VSNKST1" failures="0" tests="3" name="ActualTests.LoginTest" time="60.685" errors="0" timestamp="2025-12-04T18:14:00 IST" skipped="0">
  <testcase classname="ActualTests.LoginTest" name="ValidLogin" time="20.052"/>
  <testcase classname="ActualTests.LoginTest" name="InvalidLogin" time="17.404"/>
  <testcase classname="ActualTests.LoginTest" name="EmptyLogin" time="23.229"/>
</testsuite> <!-- ActualTests.LoginTest -->
